<?xml version="1.0" encoding="UTF-8"?>
<!-- Generated by org.testng.reporters.JUnitReportReporter -->
<testsuite hostname="DESKTOP-OIFSSFS" failures="0" tests="1" name="test1.LoginTest1" time="27.222" errors="0" timestamp="2025-07-25T10:35:08 IST" skipped="0">
  <testcase classname="test1.LoginTest1" name="loginToAutomationExercise" time="27.222"/>
</testsuite> <!-- test1.LoginTest1 -->
